-------------------------------------------------------------------------------
Test set: ru.praktikum.LoginCourierTest
-------------------------------------------------------------------------------
Tests run: 6, Failures: 1, Errors: 0, Skipped: 0, Time elapsed: 64.916 s <<< FAILURE! - in ru.praktikum.LoginCourierTest
AuthorizationWithoutSpecifyingPassword(ru.praktikum.LoginCourierTest)  Time elapsed: 60.583 s  <<< FAILURE!
java.lang.AssertionError: 
1 expectation failed.
Expected status code <400> but was <504>.

	at ru.praktikum.LoginCourierTest.AuthorizationWithoutSpecifyingPassword(LoginCourierTest.java:144)

