<?xml version="1.0" encoding="UTF-8"?>
<testsuite xmlns:xsi="http://www.w3.org/2001/XMLSchema-instance" xsi:noNamespaceSchemaLocation="https://maven.apache.org/surefire/maven-surefire-plugin/xsd/surefire-test-report.xsd" name="ru.praktikum.CreatingOrderTest" time="4.365" tests="4" errors="0" skipped="0" failures="4">
  <properties>
[...]
</properties>
  <testcase name="testCreatingOrder[0]" classname="ru.praktikum.CreatingOrderTest" time="2.105">
    <failure message="1 expectation failed.&#10;Expected status code &lt;200&gt; but was &lt;400&gt;.&#10;" type="java.lang.AssertionError"><![CDATA[java.lang.AssertionError: 
1 expectation failed.
Expected status code <200> but was <400>.

	at ru.praktikum.CreatingOrderTest.tearDown(CreatingOrderTest.java:47)
]]></failure>
  </testcase>
  <testcase name="testCreatingOrder[1]" classname="ru.praktikum.CreatingOrderTest" time="0.59">
    <failure message="1 expectation failed.&#10;Expected status code &lt;200&gt; but was &lt;400&gt;.&#10;" type="java.lang.AssertionError"><![CDATA[java.lang.AssertionError: 
1 expectation failed.
Expected status code <200> but was <400>.

	at ru.praktikum.CreatingOrderTest.tearDown(CreatingOrderTest.java:47)
]]></failure>
  </testcase>
  <testcase name="testCreatingOrder[2]" classname="ru.praktikum.CreatingOrderTest" time="0.875">
    <failure message="1 expectation failed.&#10;Expected status code &lt;200&gt; but was &lt;400&gt;.&#10;" type="java.lang.AssertionError"><![CDATA[java.lang.AssertionError: 
1 expectation failed.
Expected status code <200> but was <400>.

	at ru.praktikum.CreatingOrderTest.tearDown(CreatingOrderTest.java:47)
]]></failure>
  </testcase>
  <testcase name="testCreatingOrder[3]" classname="ru.praktikum.CreatingOrderTest" time="0.751">
    <failure message="1 expectation failed.&#10;Expected status code &lt;200&gt; but was &lt;400&gt;.&#10;" type="java.lang.AssertionError"><![CDATA[java.lang.AssertionError: 
1 expectation failed.
Expected status code <200> but was <400>.

	at ru.praktikum.CreatingOrderTest.tearDown(CreatingOrderTest.java:47)
]]></failure>
  </testcase>
</testsuite>